#
# There is insufficient memory for the Java Runtime Environment to continue.
# Native memory allocation (mmap) failed to map 100663296 bytes for G1 virtual space
# Possible reasons:
#   The system is out of physical RAM or swap space
#   The process is running with CompressedOops enabled, and the Java Heap may be blocking the growth of the native heap
# Possible solutions:
#   Reduce memory load on the system
#   Increase physical memory or swap space
#   Check if swap backing store is full
#   Decrease Java heap size (-Xmx/-Xms)
#   Decrease number of Java threads
#   Decrease Java thread stack sizes (-Xss)
#   Set larger code cache with -XX:ReservedCodeCacheSize=
#   JVM is running with Unscaled Compressed Oops mode in which the Java heap is
#     placed in the first 4GB address space. The Java Heap base address is the
#     maximum limit for the native heap growth. Please use -XX:HeapBaseMinAddress
#     to set the Java Heap base and to place the Java Heap above 4GB virtual address.
# This output file may be truncated or incomplete.
#
#  Out of Memory Error (os_windows.cpp:3600), pid=22096, tid=21248
#
# JRE version:  (21.0.2+13) (build )
# Java VM: OpenJDK 64-Bit Server VM (21.0.2+13-58, mixed mode, sharing, tiered, compressed oops, compressed class ptrs, g1 gc, windows-amd64)
# No core dump will be written. Minidumps are not enabled by default on client versions of Windows
#

---------------  S U M M A R Y ------------

Command Line: -XX:+ShowCodeDetailsInExceptionMessages Controleur.Main

Host: AMD Ryzen 5 3500U with Radeon Vega Mobile Gfx  , 8 cores, 5G,  Windows 11 , 64 bit Build 22621 (10.0.22621.3374)
Time: Sat Apr 20 15:50:26 2024 Paris, Madrid (heure duild 22621 (10.0.22621.3374) elapsed time: 0.017199 seconds (0d 0h 0m 0s)

---------------  T H R E A D  ---------------

Current thread (0x000002d1d82ec330):  JavaThread "Unknown thread" [_thread_in_vm, id=21248, stack(0x000000e7e4700000,0x000000e7e4800000) (1024K)]

Stack: [0x000000e7e4700000,0x000000e7e4800000]
Native frames: (J=compiled Java code, j=interpreted, Vv=VM code, C=native code)
V  [jvm.dll+0x6cade9]
V  [jvm.dll+0x8569c1]
V  [jvm.dll+0x858d2e]
V  [jvm.dll+0x859413]
V  [jvm.dll+0x280e56]
V  [jvm.dll+0x6c74d5]
V  [jvm.dll+0x6bbeca]
V  [jvm.dll+0x355bca]
V  [jvm.dll+0x35d816]
V  [jvm.dll+0x3ae67e]
V  [jvm.dll+0x3ae928]
V  [jvm.dll+0x3295dc]
V  [jvm.dll+0x32a16b]
V  [jvm.dll+0x81efa9]
V  [jvm.dll+0x3bba01]
V  [jvm.dll+0x807928]
V  [jvm.dll+0x44f50e]
V  [jvm.dll+0x450e11]
C  [jli.dll+0x52a3]
C  [ucrtbase.dll+0x29333]
C  [KERNEL32.DLL+0x1257d]
C  [ntdll.dll+0x5aa48]


---------------  P R O C E S S  ---------------

Threads class SMR info:
_java_thread_list=0x00007ff8e2a1bb88, length=0, elements={
}

Java Threads: ( => current thread )
Total: 0

Other Threads:
  0x000002d1da4ecfd0 WorkerThread "GC Thread#0"                     [id=23248, stack(0x000000e7e4800000,0x000000e7e4900000) (1024K)]
  0x000002d1da4f9bf0 ConcurrentGCThread "G1 Main Marker"            [id=9520, stack(0x000000e7e4900000,0x000000e7e4a00000) (1024K)]
  0x000002d1da4fa8a0 WorkerThread "G1 Conc#0"                       [id=18124, stack(0x000000e7e4a00000,0x000000e7e4b00000) (1024K)]

[error occurred during error reporting (printing all threads), id 0xc0000005, EXCEPTION_ACCESS_VIOLATION (0xc0000005) at pc=0x00007ff8e218c6a7]
VM state: not at safepoint (not fully initialized)

VM Mutex/Monitor currently owned by a thread:  ([mutex/lock_event])
[0x00007ff8e2a8ce68] Heap_lock - owner thread: 0x000002d1d82ec330

Heap address: 0x00000000a1e00000, size: 1506 MB, Compressed Oops mode: 32-bit

CDS archive(s) mapped at: [0x0000000000000000-0x0000000000000000-0x0000000000000000), size 0, SharedBaseAddress: 0x0000000800000000, ArchiveRelocationMode: 1.
Narrow klass base: 0x0000000000000000, Narrow klass shift: 0, Narrow klass range: 0x0

GC Precious Log:
 CardTable entry size: 512
 Card Set container configuration: InlinePtr #cards 5 size 8 Array Of Cards #cards 12 size 40 Howl #buckets 4 coarsen threshold 1843 Howl Bitmap #cards 512 size 80 coarsen threshold 460 Card regions per heap region 1 cards per card region 2048

Heap:
 garbage-first heap   total 0K, used 0K [0x00000000a1e00000, 0x0000000100000000)
  region size 1024K, 0 young (0K), 0 survivors (0K)

[error occurred during error reporting (printing heap information), id 0xc0000005, EXCEPTION_ACCESS_VIOLATION (0xc0000005) at pc=0x00007ff8e25739f9]
GC Heap History (0 events):
No events

Dll operation events (1 events):
Event: 0.009 Loaded shared library C:\Users\quent\.jdks\openjdk-21.0.2\bin\java.dll

Deoptimization events (0 events):
No events

Classes loaded (0 events):
No events

Classes unloaded (0 events):
No events

Classes redefined (0 events):
No events

Internal exceptions (0 events):
No events

ZGC Phase Switch (0 events):
No events

VM Operations (0 events):
No events

Events (0 events):
No events


Dynamic libraries:
0x00007ff719f70000 - 0x00007ff719f7e000 	C:\Users\quent\.jdks\openjdk-21.0.2\bin\java.exe
0x00007ff976c50000 - 0x00007ff976e66000 	C:\WINDOWS\SYSTEM32\ntdll.dll
0x00007ff9758d0000 - 0x00007ff975994000 	C:\WINDOWS\System32\KERNEL32.DLL
0x00007ff9742c0000 - 0x00007ff974667000 	C:\WINDOWS\System32\KERNELBASE.dll
0x00007ff973f70000 - 0x00007ff974081000 	C:\WINDOWS\System32\ucrtbase.dll
0x00007ff96dbf0000 - 0x00007ff96dc0b000 	C:\Users\quent\.jdks\openjdk-21.0.2\bin\VCRUNTIME140.dll
0x00007ff964950000 - 0x00007ff964968000 	C:\Users\quent\.jdks\openjdk-21.0.2\bin\jli.dll
0x00007ff976920000 - 0x00007ff976ace000 	C:\WINDOWS\System32\USER32.dll
0x00007ff974790000 - 0x00007ff9747b6000 	C:\WINDOWS\System32\win32u.dll
0x00007ff953410000 - 0x00007ff9536a3000 	C:\WINDOWS\WinSxS\amd64_microsoft.windows.common-controls_6595b64144ccf1df_6.0.22621.3235_none_270f74e173860f98\COMCTL32.dll
0x00007ff974e80000 - 0x00007ff974ea9000 	C:\WINDOWS\System32\GDI32.dll
0x00007ff9759a0000 - 0x00007ff975a47000 	C:\WINDOWS\System32\msvcrt.dll
0x00007ff974670000 - 0x00007ff974789000 	C:\WINDOWS\System32\gdi32full.dll
0x00007ff9747c0000 - 0x00007ff97485a000 	C:\WINDOWS\System32\msvcp_win.dll
0x00007ff976ad0000 - 0x00007ff976b01000 	C:\WINDOWS\System32\IMM32.DLL
0x00007ff96db80000 - 0x00007ff96db8c000 	C:\Users\quent\.jdks\openjdk-21.0.2\bin\vcruntime140_1.dll
0x00007ff9642c0000 - 0x00007ff96434e000 	C:\Users\quent\.jdks\openjdk-21.0.2\bin\msvcp140.dll
0x00007ff8e1e50000 - 0x00007ff8e2b67000 	C:\Users\quent\.jdks\openjdk-21.0.2\bin\server\jvm.dll
0x00007ff974990000 - 0x00007ff974a42000 	C:\WINDOWS\System32\ADVAPI32.dll
0x00007ff974d50000 - 0x00007ff974df8000 	C:\WINDOWS\System32\sechost.dll
0x00007ff974950000 - 0x00007ff974978000 	C:\WINDOWS\System32\bcrypt.dll
0x00007ff975b50000 - 0x00007ff975c65000 	C:\WINDOWS\System32\RPCRT4.dll
0x00007ff975c70000 - 0x00007ff975ce1000 	C:\WINDOWS\System32\WS2_32.dll
0x00007ff973e40000 - 0x00007ff973e8d000 	C:\WINDOWS\SYSTEM32\POWRPROF.dll
0x00007ff96a010000 - 0x00007ff96a01a000 	C:\WINDOWS\SYSTEM32\VERSION.dll
0x00007ff96c650000 - 0x00007ff96c684000 	C:\WINDOWS\SYSTEM32\WINMM.dll
0x00007ff973e20000 - 0x00007ff973e33000 	C:\WINDOWS\SYSTEM32\UMPDC.dll
0x00007ff972fb0000 - 0x00007ff972fc8000 	C:\WINDOWS\SYSTEM32\kernel.appcore.dll
0x00007ff96cfa0000 - 0x00007ff96cfaa000 	C:\Users\quent\.jdks\openjdk-21.0.2\bin\jimage.dll
0x00007ff9719a0000 - 0x00007ff971bd3000 	C:\WINDOWS\SYSTEM32\DBGHELP.DLL
0x00007ff974f20000 - 0x00007ff9752a8000 	C:\WINDOWS\System32\combase.dll
0x00007ff9752b0000 - 0x00007ff975387000 	C:\WINDOWS\System32\OLEAUT32.dll
0x00007ff95d320000 - 0x00007ff95d352000 	C:\WINDOWS\SYSTEM32\dbgcore.DLL
0x00007ff974860000 - 0x00007ff9748d9000 	C:\WINDOWS\System32\bcryptPrimitives.dll
0x00007ff964930000 - 0x00007ff96494f000 	C:\Users\quent\.jdks\openjdk-21.0.2\bin\java.dll

dbghelp: loaded successfully - version: 4.0.5 - missing functions: none
symbol engine: initialized successfully - sym options: 0x614 - pdb path: .;C:\Users\quent\.jdks\openjdk-21.0.2\bin;C:\WINDOWS\SYSTEM32;C:\WINDOWS\WinSxS\amd64_microsoft.windows.common-controls_6595b64144ccf1df_6.0.22621.3235_none_270f74e173860f98;C:\Users\quent\.jdks\openjdk-21.0.2\bin\server

VM Arguments:
jvm_args: -XX:+ShowCodeDetailsInExceptionMessages 
java_command: Controleur.Main
java_class_path (initial): C:\Users\quent\ing3-java-2024-11-12\ing3-java-2024-11-12\bin;c:\Users\quent\ing3-java-2024-11-12\ing3-java-2024-11-12\lib\mysql-connector-java-8.0.25.jar
Launcher Type: SUN_STANDARD

[Global flags]
     intx CICompilerCount                          = 4                                         {product} {ergonomic}
     uint ConcGCThreads                            = 2                                         {product} {ergonomic}
     uint G1ConcRefinementThreads                  = 8                                         {product} {ergonomic}
   size_t G1HeapRegionSize                         = 1048576                                   {product} {ergonomic}
    uintx GCDrainStackTargetSize                   = 64                                        {product} {ergonomic}
   size_t InitialHeapSize                          = 100663296                                 {product} {ergonomic}
   size_t MarkStackSize                            = 4194304                                   {product} {ergonomic}
   size_t MaxHeapSize                              = 1579155456                                {product} {ergonomic}
   size_t MinHeapDeltaBytes                        = 1048576                                   {product} {ergonomic}
   size_t MinHeapSize                              = 8388608                                   {product} {ergonomic}
    uintx NonNMethodCodeHeapSize                   = 5839372                                {pd product} {ergonomic}
    uintx NonProfiledCodeHeapSize                  = 122909434                              {pd product} {ergonomic}
    uintx ProfiledCodeHeapSize                     = 122909434                              {pd product} {ergonomic}
    uintx ReservedCodeCacheSize                    = 251658240                              {pd product} {ergonomic}
     bool SegmentedCodeCache                       = true                                      {product} {ergonomic}
     bool ShowCodeDetailsInExceptionMessages       = true                                   {manageable} {command line}
   size_t SoftMaxHeapSize                          = 1579155456                             {manageable} {ergonomic}
     bool UseCompressedOops                        = true                           {product lp64_product} {ergonomic}
     bool UseG1GC                                  = true                                      {product} {ergonomic}
     bool UseLargePagesIndividualAllocation        = false                                  {pd product} {ergonomic}

Logging:
Log output configuration:
 #0: stdout all=warning uptime,level,tags foldmultilines=false
 #1: stderr all=off uptime,level,tags foldmultilines=false

Environment Variables:
JAVA_HOME=C:\Users\quent\.jdks\openjdk-21.0.2
PATH=C:\Users\quent\AppData\Roaming\Code\User\globalStorage\pleiades.java-extension-pack-jdk\gradle\latest\bin;C:\Users\quent\AppData\Roaming\Code\User\globalStorage\pleiades.java-extension-pack-jdk\maven\latest\bin;C:\Users\quent\.jdks\openjdk-21.0.2\bin;C:\Program Files (x86)\Common Files\Oracle\Java\java8path;C:\WINDOWS\system32;C:\WINDOWS;C:\WINDOWS\System32\Wbem;C:\WINDOWS\System32\WindowsPowerShell\v1.0\;C:\WINDOWS\System32\OpenSSH\;C:\Program Files\MATLAB\R2023b\bin;C:\Program Files\MATLAB\R2023a\bin;C:\Program Files\Git\cmd;C:\Users\quent\AppData\Local\Programs\Python\Python311\Scripts;C:\Users\quent\AppData\Local\Microsoft\WindowsApps;C:\Program Files\JetBrains\IntelliJ IDEA 2023.3.3\bin;;C:\Users\quent\AppData\Local\Programs\Microsoft VS Code\bin;C:\Users\quent\AppData\Local\GitHubDesktop\bin
USERNAME=quent
LANG=en_US.UTF-8
OS=Windows_NT
PROCESSOR_IDENTIFIER=AMD64 Family 23 Model 24 Stepping 1, AuthenticAMD
TMP=C:\Users\quent\AppData\Local\Temp
TEMP=C:\Users\quent\AppData\Local\Temp




Periodic native trim disabled

---------------  S Y S T E M  ---------------

OS:
 Windows 11 , 64 bit Build 22621 (10.0.22621.3374)
OS uptime: 2 days 1:58 hours

CPU: total 8 (initial active 8) (8 cores per cpu, 2 threads per core) family 23 model 24 stepping 1 microcode 0x0, cx8, cmov, fxsr, ht, mmx, 3dnowpref, sse, sse2, sse3, ssse3, sse4a, sse4.1, sse4.2, popcnt, lzcnt, tsc, tscinvbit, avx, avx2, aes, clmul, bmi1, bmi2, adx, sha, fma, vzeroupper, clflush, clflushopt, rdtscp, f16c
Processor Information for all 8 processors :
  Max Mhz: 2100, Current Mhz: 2100, Mhz Limit: 2100

Memory: 4k page, system-wide physical 6020M (422M free)
TotalPageFile size 24452M (AvailPageFile size 77M)
current process WorkingSet (physical memory assigned to process): 11M, peak: 11M
current process commit charge ("private bytes"): 60M, peak: 156M

vm_info: OpenJDK 64-Bit Server VM (21.0.2+13-58) for windows-amd64 JRE (21.0.2+13-58), built on 2024-01-05T18:32:24Z by "mach5one" with MS VC++ 17.1 (VS2022)

END.
